
(mate-panel:3597): GLib-GObject-CRITICAL **: 15:45:26.516: g_object_unref: assertion 'G_IS_OBJECT (object)' failed

(mate-panel:3597): GLib-GObject-CRITICAL **: 15:45:26.518: g_object_unref: assertion 'G_IS_OBJECT (object)' failed

(mate-panel:3597): GLib-GObject-CRITICAL **: 15:45:26.537: g_object_unref: assertion 'G_IS_OBJECT (object)' failed

(mate-panel:3597): GLib-GObject-CRITICAL **: 15:45:26.537: g_object_unref: assertion 'G_IS_OBJECT (object)' failed

(mate-panel:3597): GLib-GObject-CRITICAL **: 15:45:26.538: g_object_unref: assertion 'G_IS_OBJECT (object)' failed

(mate-panel:3597): GLib-GObject-CRITICAL **: 15:45:26.539: g_object_unref: assertion 'G_IS_OBJECT (object)' failed

(mate-panel:3597): GLib-GObject-CRITICAL **: 15:45:26.573: g_object_unref: assertion 'G_IS_OBJECT (object)' failed

(mate-panel:3597): GLib-GObject-CRITICAL **: 15:45:26.577: g_object_unref: assertion 'G_IS_OBJECT (object)' failed
Reading profile /etc/firejail/google-chrome-stable.profile
Reading profile /etc/firejail/google-chrome.profile
Reading profile /etc/firejail/chromium-common.profile
Reading profile /etc/firejail/disable-common.inc
Reading profile /etc/firejail/disable-devel.inc
Reading profile /etc/firejail/disable-interpreters.inc
Reading profile /etc/firejail/disable-programs.inc
Reading profile /etc/firejail/whitelist-common.inc
Reading profile /etc/firejail/whitelist-var-common.inc
Parent pid 3642, child pid 3645
Warning: An abstract unix socket for session D-BUS might still be available. Use --net or remove unix from --protocol set.
Warning: Cannot confine the application using AppArmor.
Maybe firejail-default AppArmor profile is not loaded into the kernel.
As root, run "aa-enforce firejail-default" to load it.
]0;firejail /usr/bin/google-chrome-stable Child process initialized in 155.95 ms
/usr/bin/google-chrome-stable: line 45: /dev/fd/62: No such file or directory
/usr/bin/google-chrome-stable: line 46: /dev/fd/62: No such file or directory
[42:42:0214/154534.315107:ERROR:sandbox_linux.cc(368)] InitializeSandbox() called with multiple threads in process gpu-process.
[6:88:0214/154534.515819:ERROR:bus.cc(393)] Failed to connect to the bus: Could not parse server address: Unknown address type (examples of valid types are "tcp" and on UNIX "unix")

(google-chrome-stable:6): LIBDBUSMENU-GLIB-WARNING **: 15:45:35.236: Unable to get session bus: Unknown or unsupported transport “DBUS_SESSION_BUS_ADDRESS=unix” for address “DBUS_SESSION_BUS_ADDRESS=unix:path=/run/user/1000/bus”
[42:42:0214/154535.336829:ERROR:buffer_manager.cc(488)] [.DisplayCompositor]GL ERROR :GL_INVALID_OPERATION : glBufferData: <- error from previous GL command
[47:81:0214/154535.444671:ERROR:cert_verify_proc_nss.cc(969)] CERT_PKIXVerifyCert for www.google.com failed err=-8181
[47:163:0214/154535.445213:ERROR:cert_verify_proc_nss.cc(969)] CERT_PKIXVerifyCert for accounts.google.com failed err=-8181
[47:163:0214/154535.571165:ERROR:cert_verify_proc_nss.cc(969)] CERT_PKIXVerifyCert for accounts.google.com failed err=-8181
[47:78:0214/154535.571838:ERROR:ssl_client_socket_impl.cc(946)] handshake failed; returned -1, SSL error code 1, net_error -201
[47:163:0214/154535.626912:ERROR:cert_verify_proc_nss.cc(969)] CERT_PKIXVerifyCert for clientservices.googleapis.com failed err=-8181
[47:78:0214/154535.628058:ERROR:ssl_client_socket_impl.cc(946)] handshake failed; returned -1, SSL error code 1, net_error -201
[47:78:0214/154535.707111:ERROR:ssl_client_socket_impl.cc(946)] handshake failed; returned -1, SSL error code 1, net_error -201
[47:82:0214/154536.182590:ERROR:cert_verify_proc_nss.cc(969)] CERT_PKIXVerifyCert for www.google.com failed err=-8181
[47:78:0214/154536.183530:ERROR:ssl_client_socket_impl.cc(946)] handshake failed; returned -1, SSL error code 1, net_error -201
[47:78:0214/154536.426683:ERROR:ssl_client_socket_impl.cc(946)] handshake failed; returned -1, SSL error code 1, net_error -201
[47:78:0214/154536.520744:ERROR:ssl_client_socket_impl.cc(946)] handshake failed; returned -1, SSL error code 1, net_error -201
[47:78:0214/154536.560610:ERROR:ssl_client_socket_impl.cc(946)] handshake failed; returned -1, SSL error code 1, net_error -201
[47:78:0214/154537.353327:ERROR:ssl_client_socket_impl.cc(946)] handshake failed; returned -1, SSL error code 1, net_error -201
[47:78:0214/154538.586117:ERROR:ssl_client_socket_impl.cc(946)] handshake failed; returned -1, SSL error code 1, net_error -201
[47:78:0214/154538.694949:ERROR:ssl_client_socket_impl.cc(946)] handshake failed; returned -1, SSL error code 1, net_error -201
[47:78:0214/154538.977394:ERROR:ssl_client_socket_impl.cc(946)] handshake failed; returned -1, SSL error code 1, net_error -201
[47:78:0214/154539.076624:ERROR:ssl_client_socket_impl.cc(946)] handshake failed; returned -1, SSL error code 1, net_error -201
[47:78:0214/154539.411621:ERROR:ssl_client_socket_impl.cc(946)] handshake failed; returned -1, SSL error code 1, net_error -201
[47:78:0214/154539.491703:ERROR:ssl_client_socket_impl.cc(946)] handshake failed; returned -1, SSL error code 1, net_error -201
[47:78:0214/154539.650256:ERROR:ssl_client_socket_impl.cc(946)] handshake failed; returned -1, SSL error code 1, net_error -201
[47:78:0214/154540.088464:ERROR:ssl_client_socket_impl.cc(946)] handshake failed; returned -1, SSL error code 1, net_error -201
[47:78:0214/154540.274329:ERROR:ssl_client_socket_impl.cc(946)] handshake failed; returned -1, SSL error code 1, net_error -201
[47:78:0214/154540.469769:ERROR:ssl_client_socket_impl.cc(946)] handshake failed; returned -1, SSL error code 1, net_error -201
[47:78:0214/154540.617902:ERROR:ssl_client_socket_impl.cc(946)] handshake failed; returned -1, SSL error code 1, net_error -201
[47:78:0214/154540.821917:ERROR:ssl_client_socket_impl.cc(946)] handshake failed; returned -1, SSL error code 1, net_error -201
[47:78:0214/154543.318527:ERROR:ssl_client_socket_impl.cc(946)] handshake failed; returned -1, SSL error code 1, net_error -201
[47:163:0214/154543.406373:ERROR:cert_verify_proc_nss.cc(969)] CERT_PKIXVerifyCert for clients2.google.com failed err=-8181
[47:78:0214/154543.469657:ERROR:ssl_client_socket_impl.cc(946)] handshake failed; returned -1, SSL error code 1, net_error -201
[47:78:0214/154543.480543:ERROR:ssl_client_socket_impl.cc(946)] handshake failed; returned -1, SSL error code 1, net_error -201
[47:78:0214/154543.599658:ERROR:ssl_client_socket_impl.cc(946)] handshake failed; returned -1, SSL error code 1, net_error -201
[47:78:0214/154543.806800:ERROR:ssl_client_socket_impl.cc(946)] handshake failed; returned -1, SSL error code 1, net_error -201
[47:78:0214/154543.965107:ERROR:ssl_client_socket_impl.cc(946)] handshake failed; returned -1, SSL error code 1, net_error -201
[47:78:0214/154544.087582:ERROR:ssl_client_socket_impl.cc(946)] handshake failed; returned -1, SSL error code 1, net_error -201
[47:78:0214/154544.199004:ERROR:ssl_client_socket_impl.cc(946)] handshake failed; returned -1, SSL error code 1, net_error -201
[47:78:0214/154544.551532:ERROR:ssl_client_socket_impl.cc(946)] handshake failed; returned -1, SSL error code 1, net_error -201
[47:163:0214/154544.644961:ERROR:cert_verify_proc_nss.cc(969)] CERT_PKIXVerifyCert for ssl.gstatic.com failed err=-8181
[47:78:0214/154544.645652:ERROR:ssl_client_socket_impl.cc(946)] handshake failed; returned -1, SSL error code 1, net_error -201
[47:78:0214/154544.649326:ERROR:ssl_client_socket_impl.cc(946)] handshake failed; returned -1, SSL error code 1, net_error -201
[47:78:0214/154544.680511:ERROR:ssl_client_socket_impl.cc(946)] handshake failed; returned -1, SSL error code 1, net_error -201
[47:78:0214/154544.921001:ERROR:ssl_client_socket_impl.cc(946)] handshake failed; returned -1, SSL error code 1, net_error -201
[47:78:0214/154545.102909:ERROR:ssl_client_socket_impl.cc(946)] handshake failed; returned -1, SSL error code 1, net_error -201
[47:78:0214/154545.296013:ERROR:ssl_client_socket_impl.cc(946)] handshake failed; returned -1, SSL error code 1, net_error -201
[47:78:0214/154545.429616:ERROR:ssl_client_socket_impl.cc(946)] handshake failed; returned -1, SSL error code 1, net_error -201
[47:78:0214/154545.613257:ERROR:ssl_client_socket_impl.cc(946)] handshake failed; returned -1, SSL error code 1, net_error -201
[47:78:0214/154545.866443:ERROR:ssl_client_socket_impl.cc(946)] handshake failed; returned -1, SSL error code 1, net_error -201
[47:78:0214/154546.376483:ERROR:ssl_client_socket_impl.cc(946)] handshake failed; returned -1, SSL error code 1, net_error -201
[47:78:0214/154547.653218:ERROR:ssl_client_socket_impl.cc(946)] handshake failed; returned -1, SSL error code 1, net_error -201
[47:78:0214/154548.392170:ERROR:ssl_client_socket_impl.cc(946)] handshake failed; returned -1, SSL error code 1, net_error -201
[47:78:0214/154549.181945:ERROR:ssl_client_socket_impl.cc(946)] handshake failed; returned -1, SSL error code 1, net_error -201
[47:78:0214/154550.204763:ERROR:ssl_client_socket_impl.cc(946)] handshake failed; returned -1, SSL error code 1, net_error -201
[47:78:0214/154550.696922:ERROR:ssl_client_socket_impl.cc(946)] handshake failed; returned -1, SSL error code 1, net_error -201
[47:78:0214/154550.797129:ERROR:ssl_client_socket_impl.cc(946)] handshake failed; returned -1, SSL error code 1, net_error -201
[47:78:0214/154550.898141:ERROR:ssl_client_socket_impl.cc(946)] handshake failed; returned -1, SSL error code 1, net_error -201
[47:78:0214/154551.007479:ERROR:ssl_client_socket_impl.cc(946)] handshake failed; returned -1, SSL error code 1, net_error -201
[47:78:0214/154557.118342:ERROR:ssl_client_socket_impl.cc(946)] handshake failed; returned -1, SSL error code 1, net_error -201
[47:78:0214/154612.936538:ERROR:ssl_client_socket_impl.cc(946)] handshake failed; returned -1, SSL error code 1, net_error -201
[47:78:0214/154613.438893:ERROR:ssl_client_socket_impl.cc(946)] handshake failed; returned -1, SSL error code 1, net_error -201
[47:78:0214/154623.874921:ERROR:ssl_client_socket_impl.cc(946)] handshake failed; returned -1, SSL error code 1, net_error -201
[47:78:0214/154624.055194:ERROR:ssl_client_socket_impl.cc(946)] handshake failed; returned -1, SSL error code 1, net_error -201
[47:78:0214/154624.176144:ERROR:ssl_client_socket_impl.cc(946)] handshake failed; returned -1, SSL error code 1, net_error -201
[47:78:0214/154624.343099:ERROR:ssl_client_socket_impl.cc(946)] handshake failed; returned -1, SSL error code 1, net_error -201
[47:78:0214/154624.529631:ERROR:ssl_client_socket_impl.cc(946)] handshake failed; returned -1, SSL error code 1, net_error -201
[47:78:0214/154625.144138:ERROR:ssl_client_socket_impl.cc(946)] handshake failed; returned -1, SSL error code 1, net_error -201
[47:78:0214/154625.255900:ERROR:ssl_client_socket_impl.cc(946)] handshake failed; returned -1, SSL error code 1, net_error -201
[47:78:0214/154625.356647:ERROR:ssl_client_socket_impl.cc(946)] handshake failed; returned -1, SSL error code 1, net_error -201
[47:78:0214/154625.723324:ERROR:ssl_client_socket_impl.cc(946)] handshake failed; returned -1, SSL error code 1, net_error -201
[47:78:0214/154625.947362:ERROR:ssl_client_socket_impl.cc(946)] handshake failed; returned -1, SSL error code 1, net_error -201
[47:78:0214/154626.090456:ERROR:ssl_client_socket_impl.cc(946)] handshake failed; returned -1, SSL error code 1, net_error -201
[47:78:0214/154626.257437:ERROR:ssl_client_socket_impl.cc(946)] handshake failed; returned -1, SSL error code 1, net_error -201
[47:78:0214/154626.393478:ERROR:ssl_client_socket_impl.cc(946)] handshake failed; returned -1, SSL error code 1, net_error -201
[47:78:0214/154626.557111:ERROR:ssl_client_socket_impl.cc(946)] handshake failed; returned -1, SSL error code 1, net_error -201
[47:78:0214/154626.728321:ERROR:ssl_client_socket_impl.cc(946)] handshake failed; returned -1, SSL error code 1, net_error -201
[47:78:0214/154628.046270:ERROR:ssl_client_socket_impl.cc(946)] handshake failed; returned -1, SSL error code 1, net_error -201
[47:78:0214/154628.173412:ERROR:ssl_client_socket_impl.cc(946)] handshake failed; returned -1, SSL error code 1, net_error -201
[47:78:0214/154628.348141:ERROR:ssl_client_socket_impl.cc(946)] handshake failed; returned -1, SSL error code 1, net_error -201
[47:78:0214/154628.524687:ERROR:ssl_client_socket_impl.cc(946)] handshake failed; returned -1, SSL error code 1, net_error -201
[47:78:0214/154628.640788:ERROR:ssl_client_socket_impl.cc(946)] handshake failed; returned -1, SSL error code 1, net_error -201
[47:78:0214/154628.952734:ERROR:ssl_client_socket_impl.cc(946)] handshake failed; returned -1, SSL error code 1, net_error -201
[47:78:0214/154629.200627:ERROR:ssl_client_socket_impl.cc(946)] handshake failed; returned -1, SSL error code 1, net_error -201
[47:78:0214/154629.348898:ERROR:ssl_client_socket_impl.cc(946)] handshake failed; returned -1, SSL error code 1, net_error -201
[47:78:0214/154629.547517:ERROR:ssl_client_socket_impl.cc(946)] handshake failed; returned -1, SSL error code 1, net_error -201
[47:78:0214/154629.725762:ERROR:ssl_client_socket_impl.cc(946)] handshake failed; returned -1, SSL error code 1, net_error -201
[47:78:0214/154629.876939:ERROR:ssl_client_socket_impl.cc(946)] handshake failed; returned -1, SSL error code 1, net_error -201
[47:78:0214/154644.561812:ERROR:ssl_client_socket_impl.cc(946)] handshake failed; returned -1, SSL error code 1, net_error -201
[47:78:0214/154726.772822:ERROR:ssl_client_socket_impl.cc(946)] handshake failed; returned -1, SSL error code 1, net_error -201
[47:78:0214/154742.386015:ERROR:ssl_client_socket_impl.cc(946)] handshake failed; returned -1, SSL error code 1, net_error -201
[47:163:0214/154803.225123:ERROR:cert_verify_proc_nss.cc(969)] CERT_PKIXVerifyCert for safebrowsing.googleapis.com failed err=-8181
[47:78:0214/154803.225517:ERROR:ssl_client_socket_impl.cc(946)] handshake failed; returned -1, SSL error code 1, net_error -201
[47:78:0214/154900.868892:ERROR:ssl_client_socket_impl.cc(946)] handshake failed; returned -1, SSL error code 1, net_error -201
[47:78:0214/154901.105758:ERROR:ssl_client_socket_impl.cc(946)] handshake failed; returned -1, SSL error code 1, net_error -201
[47:78:0214/154901.215937:ERROR:ssl_client_socket_impl.cc(946)] handshake failed; returned -1, SSL error code 1, net_error -201
[47:78:0214/154901.322848:ERROR:ssl_client_socket_impl.cc(946)] handshake failed; returned -1, SSL error code 1, net_error -201
[47:78:0214/154901.475484:ERROR:ssl_client_socket_impl.cc(946)] handshake failed; returned -1, SSL error code 1, net_error -201
[47:78:0214/154901.634031:ERROR:ssl_client_socket_impl.cc(946)] handshake failed; returned -1, SSL error code 1, net_error -201
[47:78:0214/154901.752494:ERROR:ssl_client_socket_impl.cc(946)] handshake failed; returned -1, SSL error code 1, net_error -201
[47:78:0214/154902.006904:ERROR:ssl_client_socket_impl.cc(946)] handshake failed; returned -1, SSL error code 1, net_error -201
[47:78:0214/154902.169855:ERROR:ssl_client_socket_impl.cc(946)] handshake failed; returned -1, SSL error code 1, net_error -201
[47:78:0214/154902.311201:ERROR:ssl_client_socket_impl.cc(946)] handshake failed; returned -1, SSL error code 1, net_error -201
[47:78:0214/154902.542365:ERROR:ssl_client_socket_impl.cc(946)] handshake failed; returned -1, SSL error code 1, net_error -201
[47:78:0214/154902.684894:ERROR:ssl_client_socket_impl.cc(946)] handshake failed; returned -1, SSL error code 1, net_error -201
[47:78:0214/154902.959039:ERROR:ssl_client_socket_impl.cc(946)] handshake failed; returned -1, SSL error code 1, net_error -201
[47:78:0214/154903.236146:ERROR:ssl_client_socket_impl.cc(946)] handshake failed; returned -1, SSL error code 1, net_error -201
[47:78:0214/154904.205243:ERROR:ssl_client_socket_impl.cc(946)] handshake failed; returned -1, SSL error code 1, net_error -201
[47:78:0214/154904.398614:ERROR:ssl_client_socket_impl.cc(946)] handshake failed; returned -1, SSL error code 1, net_error -201
[47:78:0214/154904.546205:ERROR:ssl_client_socket_impl.cc(946)] handshake failed; returned -1, SSL error code 1, net_error -201
[47:78:0214/154904.714587:ERROR:ssl_client_socket_impl.cc(946)] handshake failed; returned -1, SSL error code 1, net_error -201
[47:78:0214/154904.815582:ERROR:ssl_client_socket_impl.cc(946)] handshake failed; returned -1, SSL error code 1, net_error -201
[47:78:0214/154905.118437:ERROR:ssl_client_socket_impl.cc(946)] handshake failed; returned -1, SSL error code 1, net_error -201
[47:78:0214/154905.462860:ERROR:ssl_client_socket_impl.cc(946)] handshake failed; returned -1, SSL error code 1, net_error -201
[47:78:0214/154905.590705:ERROR:ssl_client_socket_impl.cc(946)] handshake failed; returned -1, SSL error code 1, net_error -201
[47:78:0214/154905.769735:ERROR:ssl_client_socket_impl.cc(946)] handshake failed; returned -1, SSL error code 1, net_error -201
[47:78:0214/154905.926020:ERROR:ssl_client_socket_impl.cc(946)] handshake failed; returned -1, SSL error code 1, net_error -201
[47:78:0214/154906.251679:ERROR:ssl_client_socket_impl.cc(946)] handshake failed; returned -1, SSL error code 1, net_error -201
[47:78:0214/154906.406424:ERROR:ssl_client_socket_impl.cc(946)] handshake failed; returned -1, SSL error code 1, net_error -201
[47:163:0214/154906.745525:ERROR:cert_verify_proc_nss.cc(969)] CERT_PKIXVerifyCert for lh3.googleusercontent.com failed err=-8181
[47:214:0214/154906.752619:ERROR:cert_verify_proc_nss.cc(969)] CERT_PKIXVerifyCert for www.gstatic.com failed err=-8181
[47:78:0214/154906.755427:ERROR:ssl_client_socket_impl.cc(946)] handshake failed; returned -1, SSL error code 1, net_error -201
[47:214:0214/154906.802823:ERROR:cert_verify_proc_nss.cc(969)] CERT_PKIXVerifyCert for ssl.gstatic.com failed err=-8181
[47:214:0214/154906.824219:ERROR:cert_verify_proc_nss.cc(969)] CERT_PKIXVerifyCert for apis.google.com failed err=-8181
[47:78:0214/154907.406579:ERROR:ssl_client_socket_impl.cc(946)] handshake failed; returned -1, SSL error code 1, net_error -201
[47:78:0214/154912.578764:ERROR:ssl_client_socket_impl.cc(946)] handshake failed; returned -1, SSL error code 1, net_error -201
[47:78:0214/154942.731062:ERROR:ssl_client_socket_impl.cc(946)] handshake failed; returned -1, SSL error code 1, net_error -201
[47:78:0214/154945.774652:ERROR:ssl_client_socket_impl.cc(946)] handshake failed; returned -1, SSL error code 1, net_error -201
